-------------------------------------------------------------------------------
Test set: org.xtext.asmetal.tests.AsmetaLParsingTest
-------------------------------------------------------------------------------
Tests run: 1, Failures: 1, Errors: 0, Skipped: 0, Time elapsed: 6.231 s <<< FAILURE! - in org.xtext.asmetal.tests.AsmetaLParsingTest
loadModel(org.xtext.asmetal.tests.AsmetaLParsingTest)  Time elapsed: 0.729 s  <<< FAILURE!
java.lang.AssertionError
	at org.xtext.asmetal.tests.AsmetaLParsingTest.loadModel(AsmetaLParsingTest.java:34)

