<?xml version="1.0" encoding="UTF-8"?>
<testsuite xmlns:xsi="http://www.w3.org/2001/XMLSchema-instance" xsi:noNamespaceSchemaLocation="https://maven.apache.org/surefire/maven-surefire-plugin/xsd/surefire-test-report.xsd" name="org.xtext.asmetal.tests.AsmetaLParsingTest" time="5.287" tests="1" errors="0" skipped="0" failures="1">
  <properties>
[...]
</properties>
  <testcase name="loadModel" classname="org.xtext.asmetal.tests.AsmetaLParsingTest" time="0.613">
    <failure type="java.lang.AssertionError">java.lang.AssertionError
	at org.xtext.asmetal.tests.AsmetaLParsingTest.loadModel(AsmetaLParsingTest.java:34)
</failure>
  </testcase>
</testsuite>